  imageediter.cpp
E:\cloud_album_qt_ui\ui\ui_cloud\imageediter.h(4,10): error C1083: 无法打开包括文件: “QWidget”: No such file or directory
  (编译源文件“imageediter.cpp”)
  
  main.cpp
E:\cloud_album_qt_ui\ui\ui_cloud\widget.h(1,1): warning C4819: 该文件包含不能在当前代码页(936)中表示的字符。请将该文件保存为 Unicode 格式以防止数据丢失
  (编译源文件“main.cpp”)
  
E:\cloud_album_qt_ui\ui\ui_cloud\widget.h(4,10): error C1083: 无法打开包括文件: “QWidget”: No such file or directory
  (编译源文件“main.cpp”)
  
  RectangleGraphicsItem.cpp
E:\cloud_album_qt_ui\ui\ui_cloud\RectangleGraphicsItem.cpp(1,1): warning C4819: 该文件包含不能在当前代码页(936)中表示的字符。请将该文件保存为 Unicode 格式以防止数据丢失
E:\cloud_album_qt_ui\ui\ui_cloud\RectangleGraphicsItem.h(1,1): warning C4819: 该文件包含不能在当前代码页(936)中表示的字符。请将该文件保存为 Unicode 格式以防止数据丢失
  (编译源文件“RectangleGraphicsItem.cpp”)
  
E:\cloud_album_qt_ui\ui\ui_cloud\RectangleGraphicsItem.h(4,10): error C1083: 无法打开包括文件: “QGraphicsItem”: No such file or directory
  (编译源文件“RectangleGraphicsItem.cpp”)
  
  widget.cpp
E:\cloud_album_qt_ui\ui\ui_cloud\widget.cpp(1,1): warning C4819: 该文件包含不能在当前代码页(936)中表示的字符。请将该文件保存为 Unicode 格式以防止数据丢失
E:\cloud_album_qt_ui\ui\ui_cloud\widget.h(1,1): warning C4819: 该文件包含不能在当前代码页(936)中表示的字符。请将该文件保存为 Unicode 格式以防止数据丢失
  (编译源文件“widget.cpp”)
  
E:\cloud_album_qt_ui\ui\ui_cloud\widget.h(4,10): error C1083: 无法打开包括文件: “QWidget”: No such file or directory
  (编译源文件“widget.cpp”)
  
  正在生成代码...
